<?xml version="1.0" encoding="UTF-8"?>
<testng-results skipped="0" failed="0" total="1" passed="1">
  <reporter-output>
  </reporter-output>
  <suite name="LoginTestSuite" duration-ms="111228" started-at="2018-02-20T06:31:13Z" finished-at="2018-02-20T06:33:05Z">
    <groups>
    </groups>
    <test name="LoginTest" duration-ms="111228" started-at="2018-02-20T06:31:13Z" finished-at="2018-02-20T06:33:05Z">
      <class name="com.dice.LoginTest">
        <test-method status="PASS" signature="methodSetUp()[pri:0, instance:com.dice.LoginTest@38082d64]" name="methodSetUp" is-config="true" duration-ms="9533" started-at="2018-02-20T12:01:13Z" finished-at="2018-02-20T12:01:23Z">
          <reporter-output>
          </reporter-output>
        </test-method> <!-- methodSetUp -->
        <test-method status="PASS" signature="positiveLogInTest()[pri:0, instance:com.dice.LoginTest@38082d64]" name="positiveLogInTest" duration-ms="99987" started-at="2018-02-20T12:01:23Z" finished-at="2018-02-20T12:03:03Z">
          <reporter-output>
          </reporter-output>
        </test-method> <!-- positiveLogInTest -->
        <test-method status="PASS" signature="methodTearDown()[pri:0, instance:com.dice.LoginTest@38082d64]" name="methodTearDown" is-config="true" duration-ms="1679" started-at="2018-02-20T12:03:03Z" finished-at="2018-02-20T12:03:05Z">
          <reporter-output>
          </reporter-output>
        </test-method> <!-- methodTearDown -->
      </class> <!-- com.dice.LoginTest -->
    </test> <!-- LoginTest -->
  </suite> <!-- LoginTestSuite -->
</testng-results>
