<?xml version="1.0" encoding="UTF-8"?>
<testng-results skipped="0" failed="0" total="1" passed="1">
  <reporter-output>
  </reporter-output>
  <suite name="Default suite" duration-ms="54007" started-at="2018-02-20T06:26:44Z" finished-at="2018-02-20T06:27:38Z">
    <groups>
    </groups>
    <test name="Default test" duration-ms="54007" started-at="2018-02-20T06:26:44Z" finished-at="2018-02-20T06:27:38Z">
      <class name="com.dice.FirstTest">
        <test-method status="PASS" signature="methodSetUp()[pri:0, instance:com.dice.FirstTest@c038203]" name="methodSetUp" is-config="true" duration-ms="4937" started-at="2018-02-20T11:56:44Z" finished-at="2018-02-20T11:56:49Z">
          <reporter-output>
          </reporter-output>
        </test-method> <!-- methodSetUp -->
        <test-method status="PASS" signature="firstTestMethod()[pri:0, instance:com.dice.FirstTest@c038203]" name="firstTestMethod" duration-ms="47696" started-at="2018-02-20T11:56:49Z" finished-at="2018-02-20T11:57:37Z">
          <reporter-output>
          </reporter-output>
        </test-method> <!-- firstTestMethod -->
        <test-method status="PASS" signature="methodTearDown()[pri:0, instance:com.dice.FirstTest@c038203]" name="methodTearDown" is-config="true" duration-ms="1335" started-at="2018-02-20T11:57:37Z" finished-at="2018-02-20T11:57:38Z">
          <reporter-output>
          </reporter-output>
        </test-method> <!-- methodTearDown -->
      </class> <!-- com.dice.FirstTest -->
    </test> <!-- Default test -->
  </suite> <!-- Default suite -->
</testng-results>
